# JRE version: OpenJDK Runtime Environment (11.0.10) (build 11.0.10+0-b96-7249189)
# Java VM: OpenJDK 64-Bit Server VM (11.0.10+0-b96-7249189, mixed mode, tiered, compressed oops, g1 gc, windows-amd64)
Heap:
 garbage-first heap   total 311296K, used 190777K [0x0000000080000000, 0x0000000100000000)
  region size 1024K, 65 young (66560K), 1 survivors (1024K)
 Metaspace       used 118237K, capacity 120876K, committed 121244K, reserved 1155072K
  class space    used 14792K, capacity 15750K, committed 15872K, reserved 1048576K
GC Heap History (20 events):
Event: 2454.374 GC heap before
{Heap before GC invocations=58 (full 0):
 garbage-first heap   total 150528K, used 128187K [0x0000000080000000, 0x0000000100000000)
  region size 1024K, 12 young (12288K), 1 survivors (1024K)
 Metaspace       used 109338K, capacity 111927K, committed 112540K, reserved 1146880K
  class space    used 13933K, capacity 14871K, committed 15104K, reserved 1048576K
}
Event: 2454.375 GC heap after
{Heap after GC invocations=59 (full 0):
 garbage-first heap   total 150528K, used 116934K [0x0000000080000000, 0x0000000100000000)
  region size 1024K, 1 young (1024K), 1 survivors (1024K)
 Metaspace       used 109338K, capacity 111927K, committed 112540K, reserved 1146880K
  class space    used 13933K, capacity 14871K, committed 15104K, reserved 1048576K
}
Event: 2454.415 GC heap before
{Heap before GC invocations=59 (full 0):
 garbage-first heap   total 150528K, used 129222K [0x0000000080000000, 0x0000000100000000)
  region size 1024K, 13 young (13312K), 1 survivors (1024K)
 Metaspace       used 109340K, capacity 111927K, committed 112540K, reserved 1146880K
  class space    used 13933K, capacity 14871K, committed 15104K, reserved 1048576K
}
Event: 2454.417 GC heap after
{Heap after GC invocations=60 (full 0):
 garbage-first heap   total 150528K, used 116902K [0x0000000080000000, 0x0000000100000000)
  region size 1024K, 1 young (1024K), 1 survivors (1024K)
 Metaspace       used 109340K, capacity 111927K, committed 112540K, reserved 1146880K
  class space    used 13933K, capacity 14871K, committed 15104K, reserved 1048576K
}
Event: 2454.464 GC heap before
{Heap before GC invocations=60 (full 0):
 garbage-first heap   total 150528K, used 129190K [0x0000000080000000, 0x0000000100000000)
  region size 1024K, 13 young (13312K), 1 survivors (1024K)
 Metaspace       used 109341K, capacity 111927K, committed 112540K, reserved 1146880K
  class space    used 13933K, capacity 14871K, committed 15104K, reserved 1048576K
}
Event: 2454.466 GC heap after
{Heap after GC invocations=61 (full 0):
 garbage-first heap   total 150528K, used 116886K [0x0000000080000000, 0x0000000100000000)
  region size 1024K, 1 young (1024K), 1 survivors (1024K)
 Metaspace       used 109341K, capacity 111927K, committed 112540K, reserved 1146880K
  class space    used 13933K, capacity 14871K, committed 15104K, reserved 1048576K
}
Event: 2454.555 GC heap before
{Heap before GC invocations=61 (full 0):
 garbage-first heap   total 150528K, used 129174K [0x0000000080000000, 0x0000000100000000)
  region size 1024K, 13 young (13312K), 1 survivors (1024K)
 Metaspace       used 109347K, capacity 111927K, committed 112540K, reserved 1146880K
  class space    used 13933K, capacity 14871K, committed 15104K, reserved 1048576K
}
Event: 2454.557 GC heap after
{Heap after GC invocations=62 (full 0):
 garbage-first heap   total 150528K, used 116876K [0x0000000080000000, 0x0000000100000000)
  region size 1024K, 1 young (1024K), 1 survivors (1024K)
 Metaspace       used 109347K, capacity 111927K, committed 112540K, reserved 1146880K
  class space    used 13933K, capacity 14871K, committed 15104K, reserved 1048576K
}
Event: 2454.813 GC heap before
{Heap before GC invocations=62 (full 0):
 garbage-first heap   total 150528K, used 126092K [0x0000000080000000, 0x0000000100000000)
  region size 1024K, 9 young (9216K), 1 survivors (1024K)
 Metaspace       used 109372K, capacity 111933K, committed 112540K, reserved 1146880K
  class space    used 13936K, capacity 14873K, committed 15104K, reserved 1048576K
}
Event: 2454.828 GC heap after
{Heap after GC invocations=63 (full 0):
 garbage-first heap   total 150528K, used 122392K [0x0000000080000000, 0x0000000100000000)
  region size 1024K, 2 young (2048K), 2 survivors (2048K)
 Metaspace       used 109372K, capacity 111933K, committed 112540K, reserved 1146880K
  class space    used 13936K, capacity 14873K, committed 15104K, reserved 1048576K
}
Event: 2455.050 GC heap before
{Heap before GC invocations=63 (full 0):
 garbage-first heap   total 150528K, used 140824K [0x0000000080000000, 0x0000000100000000)
  region size 1024K, 9 young (9216K), 2 survivors (2048K)
 Metaspace       used 109659K, capacity 112296K, committed 112796K, reserved 1146880K
  class space    used 13955K, capacity 14918K, committed 15104K, reserved 1048576K
}
Event: 2455.060 GC heap after
{Heap after GC invocations=64 (full 0):
 garbage-first heap   total 199680K, used 121526K [0x0000000080000000, 0x0000000100000000)
  region size 1024K, 1 young (1024K), 1 survivors (1024K)
 Metaspace       used 109659K, capacity 112296K, committed 112796K, reserved 1146880K
  class space    used 13955K, capacity 14918K, committed 15104K, reserved 1048576K
}
Event: 2455.397 GC heap before
{Heap before GC invocations=65 (full 0):
 garbage-first heap   total 199680K, used 151222K [0x0000000080000000, 0x0000000100000000)
  region size 1024K, 31 young (31744K), 1 survivors (1024K)
 Metaspace       used 112784K, capacity 115398K, committed 116124K, reserved 1150976K
  class space    used 14210K, capacity 15150K, committed 15360K, reserved 1048576K
}
Event: 2455.405 GC heap after
{Heap after GC invocations=66 (full 0):
 garbage-first heap   total 199680K, used 124840K [0x0000000080000000, 0x0000000100000000)
  region size 1024K, 4 young (4096K), 4 survivors (4096K)
 Metaspace       used 112784K, capacity 115398K, committed 116124K, reserved 1150976K
  class space    used 14210K, capacity 15150K, committed 15360K, reserved 1048576K
}
Event: 2455.672 GC heap before
{Heap before GC invocations=66 (full 0):
 garbage-first heap   total 199680K, used 155560K [0x0000000080000000, 0x0000000100000000)
  region size 1024K, 34 young (34816K), 4 survivors (4096K)
 Metaspace       used 113283K, capacity 115879K, committed 116380K, reserved 1150976K
  class space    used 14225K, capacity 15182K, committed 15360K, reserved 1048576K
}
Event: 2455.685 GC heap after
{Heap after GC invocations=67 (full 0):
 garbage-first heap   total 199680K, used 127504K [0x0000000080000000, 0x0000000100000000)
  region size 1024K, 3 young (3072K), 3 survivors (3072K)
 Metaspace       used 113283K, capacity 115879K, committed 116380K, reserved 1150976K
  class space    used 14225K, capacity 15182K, committed 15360K, reserved 1048576K
}
Event: 2455.934 GC heap before
{Heap before GC invocations=67 (full 0):
 garbage-first heap   total 199680K, used 158224K [0x0000000080000000, 0x0000000100000000)
  region size 1024K, 33 young (33792K), 3 survivors (3072K)
 Metaspace       used 113674K, capacity 116295K, committed 116892K, reserved 1150976K
  class space    used 14250K, capacity 15214K, committed 15360K, reserved 1048576K
}
Event: 2455.937 GC heap after
{Heap after GC invocations=68 (full 0):
 garbage-first heap   total 199680K, used 127392K [0x0000000080000000, 0x0000000100000000)
  region size 1024K, 1 young (1024K), 1 survivors (1024K)
 Metaspace       used 113674K, capacity 116295K, committed 116892K, reserved 1150976K
  class space    used 14250K, capacity 15214K, committed 15360K, reserved 1048576K
}
Event: 2457.117 GC heap before
{Heap before GC invocations=68 (full 0):
 garbage-first heap   total 199680K, used 158112K [0x0000000080000000, 0x0000000100000000)
  region size 1024K, 32 young (32768K), 1 survivors (1024K)
 Metaspace       used 115352K, capacity 117989K, committed 118556K, reserved 1153024K
  class space    used 14449K, capacity 15391K, committed 15488K, reserved 1048576K
}
Event: 2457.138 GC heap after
{Heap after GC invocations=69 (full 0):
 garbage-first heap   total 311296K, used 127289K [0x0000000080000000, 0x0000000100000000)
  region size 1024K, 1 young (1024K), 1 survivors (1024K)
 Metaspace       used 115352K, capacity 117989K, committed 118556K, reserved 1153024K
  class space    used 14449K, capacity 15391K, committed 15488K, reserved 1048576K
}

